<?xml version="1.0" encoding="UTF-8"?>
<!-- Generated by org.testng.reporters.JUnitReportReporter -->
<testsuite hostname="shubhamgo" name="example.NewTest" tests="1" failures="0" timestamp="10 Jan 2019 15:36:13 GMT" time="24.512" errors="0">
  <testcase name="testEasy" time="24.512" classname="example.NewTest"/>
</testsuite> <!-- example.NewTest -->
